<?xml version="1.0" encoding="UTF-8"?>
<testsuite xmlns:xsi="http://www.w3.org/2001/XMLSchema-instance" xsi:noNamespaceSchemaLocation="https://maven.apache.org/surefire/maven-surefire-plugin/xsd/surefire-test-report.xsd" name="com.homework.cs_5800_hw5.OrderTest" time="0.037" tests="2" errors="0" skipped="0" failures="0">
  <properties>
[...]
</properties>
  <testcase name="testAddItem" classname="com.homework.cs_5800_hw5.OrderTest" time="0.017"/>
  <testcase name="testCalculateTotalCost" classname="com.homework.cs_5800_hw5.OrderTest" time="0.002"/>
</testsuite>