-------------------------------------------------------------------------------
Test set: com.homework.vending_machine.WaitingForMoneyTest
-------------------------------------------------------------------------------
Tests run: 3, Failures: 3, Errors: 0, Skipped: 0, Time elapsed: 0.003 sec <<< FAILURE!
com.homework.vending_machine.WaitingForMoneyTest.testInsertMoney()  Time elapsed: 0.002 sec  <<< FAILURE!
java.lang.NullPointerException: Cannot invoke "com.homework.vending_machine.WaitingForMoney.insertMoney(double)" because "instance" is null
	at com.homework.vending_machine.WaitingForMoneyTest.testInsertMoney(WaitingForMoneyTest.java:44)

com.homework.vending_machine.WaitingForMoneyTest.testDispenseSnack()  Time elapsed: 0 sec  <<< FAILURE!
java.lang.NullPointerException: Cannot invoke "com.homework.vending_machine.WaitingForMoney.dispenseSnack()" because "instance" is null
	at com.homework.vending_machine.WaitingForMoneyTest.testDispenseSnack(WaitingForMoneyTest.java:54)

com.homework.vending_machine.WaitingForMoneyTest.testSelectSnack()  Time elapsed: 0 sec  <<< FAILURE!
java.lang.NullPointerException: Cannot invoke "com.homework.vending_machine.WaitingForMoney.selectSnack(String)" because "instance" is null
	at com.homework.vending_machine.WaitingForMoneyTest.testSelectSnack(WaitingForMoneyTest.java:33)

